Mon Feb 13 2017 10:55:05 GMT+0200 (שעון רגיל ירושלים): GET /about
Mon Feb 13 2017 10:55:51 GMT+0200 (שעון רגיל ירושלים): GET /about
Mon Feb 13 2017 11:01:17 GMT+0200 (שעון רגיל ירושלים): GET /about
Mon Feb 13 2017 11:02:02 GMT+0200 (שעון רגיל ירושלים): GET /about
Mon Feb 13 2017 11:02:52 GMT+0200 (שעון רגיל ירושלים): GET /about
Mon Feb 13 2017 11:03:00 GMT+0200 (שעון רגיל ירושלים): GET /about
Mon Feb 13 2017 11:05:42 GMT+0200 (שעון רגיל ירושלים): GET /help
Mon Feb 13 2017 11:06:01 GMT+0200 (שעון רגיל ירושלים): GET /help.html
Mon Feb 13 2017 21:33:46 GMT+0200 (שעון רגיל ירושלים): GET /
Mon Feb 13 2017 21:33:48 GMT+0200 (שעון רגיל ירושלים): GET /projects
Mon Feb 13 2017 21:34:17 GMT+0200 (שעון רגיל ירושלים): GET /projects
Mon Feb 13 2017 21:34:59 GMT+0200 (שעון רגיל ירושלים): GET /projects
Mon Feb 13 2017 21:36:50 GMT+0200 (שעון רגיל ירושלים): GET /projects
Mon Feb 13 2017 21:37:43 GMT+0200 (שעון רגיל ירושלים): GET /projects
Mon Feb 13 2017 21:37:44 GMT+0200 (שעון רגיל ירושלים): GET /projects
Mon Feb 13 2017 21:37:54 GMT+0200 (שעון רגיל ירושלים): GET /projects
Mon Feb 13 2017 21:37:59 GMT+0200 (שעון רגיל ירושלים): GET /projects
Mon Feb 13 2017 21:38:00 GMT+0200 (שעון רגיל ירושלים): GET /about
Mon Feb 13 2017 21:38:00 GMT+0200 (שעון רגיל ירושלים): GET /
Mon Feb 13 2017 21:38:01 GMT+0200 (שעון רגיל ירושלים): GET /about
Mon Feb 13 2017 21:38:02 GMT+0200 (שעון רגיל ירושלים): GET /projects
